<?xml version="1.0" encoding="UTF-8"?>
<testsuite name="StringCalculatorTest" tests="4" skipped="0" failures="0" errors="0" timestamp="2022-03-30T10:13:09" hostname="L_LTSIVILASHVIL" time="0.05">
  <properties/>
  <testcase name="add_two()" classname="StringCalculatorTest" time="0.048"/>
  <testcase name="add_with_newLine()" classname="StringCalculatorTest" time="0.001"/>
  <testcase name="add_anyNum()" classname="StringCalculatorTest" time="0.001"/>
  <testcase name="add_with_custom_delimiter()" classname="StringCalculatorTest" time="0.0"/>
  <system-out><![CDATA[]]></system-out>
  <system-err><![CDATA[]]></system-err>
</testsuite>
